<?xml version="1.0" encoding="UTF-8"?>
<testng-results ignored="0" total="1" passed="1" failed="0" skipped="0">
  <reporter-output>
  </reporter-output>
  <suite started-at="2024-10-21T13:00:31 IST" name="Default suite" finished-at="2024-10-21T13:00:57 IST" duration-ms="26406">
    <groups>
    </groups>
    <test started-at="2024-10-21T13:00:31 IST" name="Default test" finished-at="2024-10-21T13:00:57 IST" duration-ms="26406">
      <class name="testCases.TC_0013_SearchProductandVerifyCartAfterLogin">
        <test-method is-config="true" signature="setUp()[pri:0, instance:testCases.TC_0013_SearchProductandVerifyCartAfterLogin@293bb8a5]" started-at="2024-10-21T13:00:31 IST" name="setUp" finished-at="2024-10-21T13:00:38 IST" duration-ms="7003" status="PASS">
          <reporter-output>
          </reporter-output>
        </test-method> <!-- setUp -->
        <test-method signature="searchAndVerifyCartAfterLogin()[pri:0, instance:testCases.TC_0013_SearchProductandVerifyCartAfterLogin@293bb8a5]" started-at="2024-10-21T13:00:38 IST" name="searchAndVerifyCartAfterLogin" finished-at="2024-10-21T13:00:57 IST" duration-ms="19320" status="PASS">
          <reporter-output>
          </reporter-output>
        </test-method> <!-- searchAndVerifyCartAfterLogin -->
      </class> <!-- testCases.TC_0013_SearchProductandVerifyCartAfterLogin -->
    </test> <!-- Default test -->
  </suite> <!-- Default suite -->
</testng-results>
